<?xml version="1.0" encoding="UTF-8"?>
<robot generator="Robot 7.0.1 (Python 3.12.5 on win32)" generated="2024-09-02T14:41:36.307395" rpa="false" schemaversion="5">
<suite id="s1" name="Suite" source="C:\Users\asus\Documents\python-web-robotframework\Test\suite">
<suite id="s1-s1" name="Login" source="C:\Users\asus\Documents\python-web-robotframework\Test\suite\Login.robot">
<test id="s1-s1-t1" name="Login" line="7">
<kw name="Openloginpage" owner="login-res">
<kw name="Evaluate" owner="BuiltIn">
<msg time="2024-09-02T14:41:36.530280" level="INFO">${chrome options} = &lt;selenium.webdriver.chrome.options.Options object at 0x00000217AA3D8A40&gt;</msg>
<var>${chrome options}</var>
<arg>sys.modules['selenium.webdriver'].ChromeOptions()</arg>
<arg>sys, selenium.webdriver</arg>
<doc>Evaluates the given expression in Python and returns the result.</doc>
<status status="PASS" start="2024-09-02T14:41:36.530280" elapsed="0.000000"/>
</kw>
<kw name="Call Method" owner="BuiltIn">
<arg>${chrome options}</arg>
<arg>add_argument</arg>
<arg>--headless</arg>
<doc>Calls the named method of the given object with the provided arguments.</doc>
<status status="PASS" start="2024-09-02T14:41:36.530280" elapsed="0.000000"/>
</kw>
<kw name="Call Method" owner="BuiltIn">
<arg>${chrome options}</arg>
<arg>add_argument</arg>
<arg>--disable-gpu</arg>
<doc>Calls the named method of the given object with the provided arguments.</doc>
<status status="PASS" start="2024-09-02T14:41:36.530280" elapsed="0.000000"/>
</kw>
<kw name="Open Browser" owner="SeleniumLibrary">
<msg time="2024-09-02T14:41:36.530280" level="INFO">Opening browser 'chrome' to base url 'https://www.saucedemo.com/'.</msg>
<arg>${url}</arg>
<arg>${browser}</arg>
<arg>options=${chrome options}</arg>
<doc>Opens a new browser instance to the optional ``url``.</doc>
<status status="PASS" start="2024-09-02T14:41:36.530280" elapsed="2.948043"/>
</kw>
<kw name="Maximize Browser Window" owner="SeleniumLibrary">
<doc>Maximizes current browser window.</doc>
<status status="PASS" start="2024-09-02T14:41:39.478323" elapsed="0.026519"/>
</kw>
<status status="PASS" start="2024-09-02T14:41:36.530280" elapsed="2.974562"/>
</kw>
<kw name="Inputcredential" owner="login-res">
<kw name="Input Text" owner="SeleniumLibrary">
<msg time="2024-09-02T14:41:39.504842" level="INFO">Typing text 'standard_user' into text field '//input[@id='user-name']'.</msg>
<arg>${username}</arg>
<arg>${inputemail}</arg>
<doc>Types the given ``text`` into the text field identified by ``locator``.</doc>
<status status="PASS" start="2024-09-02T14:41:39.504842" elapsed="0.116227"/>
</kw>
<kw name="Sleep" owner="BuiltIn">
<msg time="2024-09-02T14:41:41.621403" level="INFO">Slept 2 seconds.</msg>
<arg>2</arg>
<doc>Pauses the test executed for the given time.</doc>
<status status="PASS" start="2024-09-02T14:41:39.621069" elapsed="2.000334"/>
</kw>
<kw name="Input Text" owner="SeleniumLibrary">
<msg time="2024-09-02T14:41:41.621403" level="INFO">Typing text 'secret_sauce' into text field '//input[@id='password']'.</msg>
<arg>${password}</arg>
<arg>${inputpassword}</arg>
<doc>Types the given ``text`` into the text field identified by ``locator``.</doc>
<status status="PASS" start="2024-09-02T14:41:41.621403" elapsed="0.119046"/>
</kw>
<status status="PASS" start="2024-09-02T14:41:39.504842" elapsed="2.235607"/>
</kw>
<kw name="Buttonlogin" owner="login-res">
<kw name="Sleep" owner="BuiltIn">
<msg time="2024-09-02T14:41:43.741644" level="INFO">Slept 2 seconds.</msg>
<arg>2</arg>
<doc>Pauses the test executed for the given time.</doc>
<status status="PASS" start="2024-09-02T14:41:41.741505" elapsed="2.000139"/>
</kw>
<kw name="Click Element" owner="SeleniumLibrary">
<msg time="2024-09-02T14:41:43.741644" level="INFO">Clicking element '//input[@id='login-button']'.</msg>
<arg>${login}</arg>
<doc>Click the element identified by ``locator``.</doc>
<status status="PASS" start="2024-09-02T14:41:43.741644" elapsed="0.124331"/>
</kw>
<status status="PASS" start="2024-09-02T14:41:41.740449" elapsed="2.125526"/>
</kw>
<kw name="Successlogin" owner="login-res">
<kw name="Wait Until Element Is Visible" owner="SeleniumLibrary">
<arg>${successlogin}</arg>
<doc>Waits until the element ``locator`` is visible.</doc>
<status status="PASS" start="2024-09-02T14:41:43.865975" elapsed="0.026364"/>
</kw>
<kw name="Get Text" owner="SeleniumLibrary">
<msg time="2024-09-02T14:41:43.912528" level="INFO">${element_text} = Products</msg>
<var>${element_text}</var>
<arg>${successlogin}</arg>
<doc>Returns the text value of the element identified by ``locator``.</doc>
<status status="PASS" start="2024-09-02T14:41:43.893338" elapsed="0.019190"/>
</kw>
<kw name="Log" owner="BuiltIn">
<msg time="2024-09-02T14:41:43.913529" level="INFO">The actual text in the user name field is: Products</msg>
<arg>The actual text in the user name field is: ${element_text}</arg>
<doc>Logs the given message with the given level.</doc>
<status status="PASS" start="2024-09-02T14:41:43.913529" elapsed="0.000000"/>
</kw>
<kw name="Should Be Equal" owner="BuiltIn">
<arg>${element_text}</arg>
<arg>${textsuccesslogin}</arg>
<doc>Fails if the given objects are unequal.</doc>
<status status="PASS" start="2024-09-02T14:41:43.913529" elapsed="0.000000"/>
</kw>
<kw name="Run Keyword If" owner="BuiltIn">
<kw name="Log To Console" owner="BuiltIn">
<arg>Login was successful with message: ${textsuccesslogin}</arg>
<doc>Logs the given message to the console.</doc>
<status status="PASS" start="2024-09-02T14:41:43.914528" elapsed="0.000000"/>
</kw>
<arg>'${element_text}' == '${textsuccesslogin}'</arg>
<arg>Log To Console</arg>
<arg>Login was successful with message: ${textsuccesslogin}</arg>
<doc>Runs the given keyword with the given arguments, if ``condition`` is true.</doc>
<status status="PASS" start="2024-09-02T14:41:43.913529" elapsed="0.000999"/>
</kw>
<kw name="Run Keyword If" owner="BuiltIn">
<kw name="Log To Console" owner="BuiltIn">
<arg>Login failed. Expected message: ${textsuccesslogin}, but got: ${element_text}</arg>
<doc>Logs the given message to the console.</doc>
<status status="PASS" start="2024-09-02T14:41:43.914528" elapsed="0.000999"/>
</kw>
<arg>'${element_text}' == '${textsuccesslogin}'</arg>
<arg>Log To Console</arg>
<arg>Login failed. Expected message: ${textsuccesslogin}, but got: ${element_text}</arg>
<doc>Runs the given keyword with the given arguments, if ``condition`` is true.</doc>
<status status="PASS" start="2024-09-02T14:41:43.914528" elapsed="0.000999"/>
</kw>
<status status="PASS" start="2024-09-02T14:41:43.865975" elapsed="0.049552"/>
</kw>
<tag>login</tag>
<status status="PASS" start="2024-09-02T14:41:36.530280" elapsed="7.385247"/>
</test>
<status status="PASS" start="2024-09-02T14:41:36.338648" elapsed="7.577878"/>
</suite>
<status status="PASS" start="2024-09-02T14:41:36.307395" elapsed="7.610131"/>
</suite>
<statistics>
<total>
<stat pass="1" fail="0" skip="0">All Tests</stat>
</total>
<tag>
<stat pass="1" fail="0" skip="0">login</stat>
</tag>
<suite>
<stat pass="1" fail="0" skip="0" id="s1" name="Suite">Suite</stat>
<stat pass="1" fail="0" skip="0" id="s1-s1" name="Login">Suite.Login</stat>
</suite>
</statistics>
<errors>
</errors>
</robot>
